<?xml version="1.0" encoding="UTF-8"?>
<testsuite name="com.mdrsolutions.springbootprod.ProdreadyApplicationTests" tests="1" skipped="0" failures="0" errors="0" timestamp="2021-10-17T21:49:04" hostname="Michaels-MacBook-Pro.local" time="0.206">
  <properties/>
  <testcase name="contextLoads()" classname="com.mdrsolutions.springbootprod.ProdreadyApplicationTests" time="0.206"/>
  <system-out><![CDATA[07:49:01.977 [Test worker] DEBUG org.springframework.test.context.BootstrapUtils - Instantiating CacheAwareContextLoaderDelegate from class [org.springframework.test.context.cache.DefaultCacheAwareContextLoaderDelegate]
07:49:01.988 [Test worker] DEBUG org.springframework.test.context.BootstrapUtils - Instantiating BootstrapContext using constructor [public org.springframework.test.context.support.DefaultBootstrapContext(java.lang.Class,org.springframework.test.context.CacheAwareContextLoaderDelegate)]
07:49:02.020 [Test worker] DEBUG org.springframework.test.context.BootstrapUtils - Instantiating TestContextBootstrapper for test class [com.mdrsolutions.springbootprod.ProdreadyApplicationTests] from class [org.springframework.boot.test.context.SpringBootTestContextBootstrapper]
07:49:02.029 [Test worker] INFO org.springframework.boot.test.context.SpringBootTestContextBootstrapper - Neither @ContextConfiguration nor @ContextHierarchy found for test class [com.mdrsolutions.springbootprod.ProdreadyApplicationTests], using SpringBootContextLoader
07:49:02.032 [Test worker] DEBUG org.springframework.test.context.support.AbstractContextLoader - Did not detect default resource location for test class [com.mdrsolutions.springbootprod.ProdreadyApplicationTests]: class path resource [com/mdrsolutions/springbootprod/ProdreadyApplicationTests-context.xml] does not exist
07:49:02.033 [Test worker] DEBUG org.springframework.test.context.support.AbstractContextLoader - Did not detect default resource location for test class [com.mdrsolutions.springbootprod.ProdreadyApplicationTests]: class path resource [com/mdrsolutions/springbootprod/ProdreadyApplicationTestsContext.groovy] does not exist
07:49:02.033 [Test worker] INFO org.springframework.test.context.support.AbstractContextLoader - Could not detect default resource locations for test class [com.mdrsolutions.springbootprod.ProdreadyApplicationTests]: no resource found for suffixes {-context.xml, Context.groovy}.
07:49:02.033 [Test worker] INFO org.springframework.test.context.support.AnnotationConfigContextLoaderUtils - Could not detect default configuration classes for test class [com.mdrsolutions.springbootprod.ProdreadyApplicationTests]: ProdreadyApplicationTests does not declare any static, non-private, non-final, nested classes annotated with @Configuration.
07:49:02.072 [Test worker] DEBUG org.springframework.test.context.support.ActiveProfilesUtils - Could not find an 'annotation declaring class' for annotation type [org.springframework.test.context.ActiveProfiles] and class [com.mdrsolutions.springbootprod.ProdreadyApplicationTests]
07:49:02.126 [Test worker] DEBUG org.springframework.context.annotation.ClassPathScanningCandidateComponentProvider - Identified candidate component class: file [/Users/michaelrodgers/Documents/GitHub/SpringBootProdApplication/source_code/03_04_end/SpringBootProduction/build/classes/java/main/com/mdrsolutions/springbootprod/SpringBootProdApplication.class]
07:49:02.127 [Test worker] INFO org.springframework.boot.test.context.SpringBootTestContextBootstrapper - Found @SpringBootConfiguration com.mdrsolutions.springbootprod.SpringBootProdApplication for test class com.mdrsolutions.springbootprod.ProdreadyApplicationTests
07:49:02.229 [Test worker] DEBUG org.springframework.boot.test.context.SpringBootTestContextBootstrapper - @TestExecutionListeners is not present for class [com.mdrsolutions.springbootprod.ProdreadyApplicationTests]: using defaults.
07:49:02.229 [Test worker] INFO org.springframework.boot.test.context.SpringBootTestContextBootstrapper - Loaded default TestExecutionListener class names from location [META-INF/spring.factories]: [org.springframework.boot.test.autoconfigure.restdocs.RestDocsTestExecutionListener, org.springframework.boot.test.autoconfigure.web.client.MockRestServiceServerResetTestExecutionListener, org.springframework.boot.test.autoconfigure.web.servlet.MockMvcPrintOnlyOnFailureTestExecutionListener, org.springframework.boot.test.autoconfigure.web.servlet.WebDriverTestExecutionListener, org.springframework.boot.test.autoconfigure.webservices.client.MockWebServiceServerTestExecutionListener, org.springframework.boot.test.mock.mockito.MockitoTestExecutionListener, org.springframework.boot.test.mock.mockito.ResetMocksTestExecutionListener, org.springframework.test.context.web.ServletTestExecutionListener, org.springframework.test.context.support.DirtiesContextBeforeModesTestExecutionListener, org.springframework.test.context.event.ApplicationEventsTestExecutionListener, org.springframework.test.context.support.DependencyInjectionTestExecutionListener, org.springframework.test.context.support.DirtiesContextTestExecutionListener, org.springframework.test.context.transaction.TransactionalTestExecutionListener, org.springframework.test.context.jdbc.SqlScriptsTestExecutionListener, org.springframework.test.context.event.EventPublishingTestExecutionListener]
07:49:02.240 [Test worker] DEBUG org.springframework.boot.test.context.SpringBootTestContextBootstrapper - Skipping candidate TestExecutionListener [org.springframework.test.context.transaction.TransactionalTestExecutionListener] due to a missing dependency. Specify custom listener classes or make the default listener classes and their required dependencies available. Offending class: [org/springframework/transaction/TransactionDefinition]
07:49:02.241 [Test worker] DEBUG org.springframework.boot.test.context.SpringBootTestContextBootstrapper - Skipping candidate TestExecutionListener [org.springframework.test.context.jdbc.SqlScriptsTestExecutionListener] due to a missing dependency. Specify custom listener classes or make the default listener classes and their required dependencies available. Offending class: [org/springframework/transaction/interceptor/TransactionAttribute]
07:49:02.241 [Test worker] INFO org.springframework.boot.test.context.SpringBootTestContextBootstrapper - Using TestExecutionListeners: [org.springframework.test.context.web.ServletTestExecutionListener@183001ed, org.springframework.test.context.support.DirtiesContextBeforeModesTestExecutionListener@1c021b29, org.springframework.test.context.event.ApplicationEventsTestExecutionListener@95443b0, org.springframework.boot.test.mock.mockito.MockitoTestExecutionListener@7c075fa6, org.springframework.boot.test.autoconfigure.SpringBootDependencyInjectionTestExecutionListener@64a016a2, org.springframework.test.context.support.DirtiesContextTestExecutionListener@6877924c, org.springframework.test.context.event.EventPublishingTestExecutionListener@43151531, org.springframework.boot.test.autoconfigure.restdocs.RestDocsTestExecutionListener@529889a, org.springframework.boot.test.autoconfigure.web.client.MockRestServiceServerResetTestExecutionListener@61588b9b, org.springframework.boot.test.autoconfigure.web.servlet.MockMvcPrintOnlyOnFailureTestExecutionListener@3569800e, org.springframework.boot.test.autoconfigure.web.servlet.WebDriverTestExecutionListener@5e3ea70f, org.springframework.boot.test.autoconfigure.webservices.client.MockWebServiceServerTestExecutionListener@179a890a, org.springframework.boot.test.mock.mockito.ResetMocksTestExecutionListener@32bbdc31]
07:49:02.246 [Test worker] DEBUG org.springframework.test.context.support.AbstractDirtiesContextTestExecutionListener - Before test class: context [DefaultTestContext@60202b95 testClass = ProdreadyApplicationTests, testInstance = [null], testMethod = [null], testException = [null], mergedContextConfiguration = [WebMergedContextConfiguration@73505d0e testClass = ProdreadyApplicationTests, locations = '{}', classes = '{class com.mdrsolutions.springbootprod.SpringBootProdApplication}', contextInitializerClasses = '[]', activeProfiles = '{}', propertySourceLocations = '{}', propertySourceProperties = '{org.springframework.boot.test.context.SpringBootTestContextBootstrapper=true}', contextCustomizers = set[org.springframework.boot.test.autoconfigure.actuate.metrics.MetricsExportContextCustomizerFactory$DisableMetricExportContextCustomizer@59c864c, org.springframework.boot.test.autoconfigure.properties.PropertyMappingContextCustomizer@0, org.springframework.boot.test.autoconfigure.web.servlet.WebDriverContextCustomizerFactory$Customizer@482c5b37, org.springframework.boot.test.context.filter.ExcludeFilterContextCustomizer@72f5ea62, org.springframework.boot.test.json.DuplicateJsonObjectContextCustomizerFactory$DuplicateJsonObjectContextCustomizer@1b1bc35e, org.springframework.boot.test.mock.mockito.MockitoContextCustomizer@0, org.springframework.boot.test.web.client.TestRestTemplateContextCustomizer@4b15e019, org.springframework.boot.test.context.SpringBootTestArgs@1, org.springframework.boot.test.context.SpringBootTestWebEnvironment@7248f235], resourceBasePath = 'src/main/webapp', contextLoader = 'org.springframework.boot.test.context.SpringBootContextLoader', parent = [null]], attributes = map['org.springframework.test.context.web.ServletTestExecutionListener.activateListener' -> true]], class annotated with @DirtiesContext [false] with mode [null].
07:49:02.273 [Test worker] DEBUG org.springframework.test.context.support.TestPropertySourceUtils - Adding inlined properties to environment: {spring.jmx.enabled=false, org.springframework.boot.test.context.SpringBootTestContextBootstrapper=true}

  .   ____          _            __ _ _
 /\\ / ___'_ __ _ _(_)_ __  __ _ \ \ \ \
( ( )\___ | '_ | '_| | '_ \/ _` | \ \ \ \
 \\/  ___)| |_)| | | | | || (_| |  ) ) ) )
  '  |____| .__|_| |_|_| |_\__, | / / / /
 =========|_|==============|___/=/_/_/_/
 :: Spring Boot ::                (v2.5.4)

2021-10-18 07:49:02.531  INFO 36319 --- [    Test worker] c.m.s.ProdreadyApplicationTests          : Starting ProdreadyApplicationTests using Java 1.8.0_292 on Michaels-MacBook-Pro.local with PID 36319 (started by michaelrodgers in /Users/michaelrodgers/Documents/GitHub/SpringBootProdApplication/source_code/03_04_end/SpringBootProduction)
2021-10-18 07:49:02.533  INFO 36319 --- [    Test worker] c.m.s.ProdreadyApplicationTests          : No active profile set, falling back to default profiles: default
2021-10-18 07:49:03.752  INFO 36319 --- [    Test worker] o.s.b.a.w.s.WelcomePageHandlerMapping    : Adding welcome page template: index
2021-10-18 07:49:04.179  INFO 36319 --- [    Test worker] o.s.b.a.e.web.EndpointLinksResolver      : Exposing 4 endpoint(s) beneath base path '/actuator'
2021-10-18 07:49:04.242  INFO 36319 --- [    Test worker] c.m.s.ProdreadyApplicationTests          : Started ProdreadyApplicationTests in 1.962 seconds (JVM running for 2.898)
]]></system-out>
  <system-err><![CDATA[]]></system-err>
</testsuite>
